<?xml version="1.0" encoding="UTF-8"?>
<!-- Generated by org.testng.reporters.JUnitXMLReporter -->
<testsuite hostname="Lenovo-PC" ignored="0" name="Default test(failed)(failed)" tests="3" failures="0" timestamp="10 Oct 2018 10:44:59 GMT" time="0.09" errors="0">
  <testcase name="@BeforeTest beforeTest" time="0.014" classname="framework_Testng.Screen_Capture">
    <failure type="java.lang.NullPointerException">
      <![CDATA[java.lang.NullPointerException
at framework_Testng.Screen_Capture.beforeTest(Screen_Capture.java:47)
... Removed 24 stack frames]]>
    </failure>
  </testcase> <!-- @BeforeTest beforeTest -->
  <testcase name="@BeforeClass beforeClass" time="0.0" classname="framework_Testng.Screen_Capture">
    <skipped/>
  </testcase> <!-- @BeforeClass beforeClass -->
  <testcase name="@AfterClass afterClass" time="0.0" classname="framework_Testng.Screen_Capture">
    <skipped/>
  </testcase> <!-- @AfterClass afterClass -->
  <testcase name="@AfterTest afterTest" time="0.0" classname="framework_Testng.Screen_Capture">
    <skipped/>
  </testcase> <!-- @AfterTest afterTest -->
  <testcase name="Personal_Loan_Emi" time="0.0" classname="framework_Testng.Screen_Capture">
    <skipped/>
  </testcase> <!-- Personal_Loan_Emi -->
  <testcase name="Car_Loan_Emi" time="0.0" classname="framework_Testng.Screen_Capture">
    <skipped/>
  </testcase> <!-- Car_Loan_Emi -->
  <testcase name="Click_credit_card_Loan_EMI" time="0.0" classname="framework_Testng.Screen_Capture">
    <skipped/>
  </testcase> <!-- Click_credit_card_Loan_EMI -->
</testsuite> <!-- Default test(failed)(failed) -->
